<?xml version="1.0" encoding="UTF-8"?>
<testng-results skipped="0" failed="0" ignored="0" total="1" passed="1">
  <reporter-output>
  </reporter-output>
  <suite name="Default suite" duration-ms="75777" started-at="2018-09-27T23:55:31Z" finished-at="2018-09-27T23:56:46Z">
    <groups>
    </groups>
    <test name="Default test" duration-ms="75777" started-at="2018-09-27T23:55:31Z" finished-at="2018-09-27T23:56:46Z">
      <class name="com.qa.test.PageFactoryExample">
        <test-method status="PASS" signature="setUp()[pri:0, instance:com.qa.test.PageFactoryExample@20322d26]" name="setUp" is-config="true" duration-ms="37809" started-at="2018-09-27T23:55:31Z" finished-at="2018-09-27T23:56:08Z">
          <reporter-output>
          </reporter-output>
        </test-method> <!-- setUp -->
        <test-method status="PASS" signature="loginActiTimeApp()[pri:0, instance:com.qa.test.PageFactoryExample@20322d26]" name="loginActiTimeApp" duration-ms="37597" started-at="2018-09-27T23:56:08Z" finished-at="2018-09-27T23:56:46Z">
          <reporter-output>
          </reporter-output>
        </test-method> <!-- loginActiTimeApp -->
        <test-method status="PASS" signature="tearDown()[pri:0, instance:com.qa.test.PageFactoryExample@20322d26]" name="tearDown" is-config="true" duration-ms="350" started-at="2018-09-27T23:56:46Z" finished-at="2018-09-27T23:56:46Z">
          <reporter-output>
          </reporter-output>
        </test-method> <!-- tearDown -->
      </class> <!-- com.qa.test.PageFactoryExample -->
    </test> <!-- Default test -->
  </suite> <!-- Default suite -->
</testng-results>
